<?xml version="1.0" encoding="UTF-8"?>
<coverage generated="1576778329928" clover="3.2.0">
  <project timestamp="1576778329928" name="All files">
    <metrics statements="8" coveredstatements="8" conditionals="0" coveredconditionals="0" methods="9" coveredmethods="9" elements="17" coveredelements="17" complexity="0" loc="8" ncloc="8" packages="1" files="2" classes="2"/>
    <file name="cart.js" path="/home/f1del/hexlet/jest/src/cart.js">
      <metrics statements="5" coveredstatements="5" conditionals="0" coveredconditionals="0" methods="6" coveredmethods="6"/>
      <line num="4" count="4" type="stmt"/>
      <line num="7" count="6" type="stmt"/>
      <line num="11" count="4" type="stmt"/>
      <line num="15" count="6" type="stmt"/>
      <line num="19" count="6" type="stmt"/>
    </file>
    <file name="index.js" path="/home/f1del/hexlet/jest/src/index.js">
      <metrics statements="3" coveredstatements="3" conditionals="0" coveredconditionals="0" methods="3" coveredmethods="3"/>
      <line num="1" count="2" type="stmt"/>
      <line num="3" count="2" type="stmt"/>
      <line num="5" count="3" type="stmt"/>
    </file>
  </project>
</coverage>
