{"/home/f1del/hexlet/jest/src/cart.js": {"path":"/home/f1del/hexlet/jest/src/cart.js","statementMap":{"0":{"start":{"line":4,"column":10},"end":{"line":4,"column":12}},"1":{"start":{"line":7,"column":4},"end":{"line":7,"column":37}},"2":{"start":{"line":11,"column":4},"end":{"line":11,"column":22}},"3":{"start":{"line":15,"column":4},"end":{"line":15,"column":53}},"4":{"start":{"line":15,"column":41},"end":{"line":15,"column":51}},"5":{"start":{"line":19,"column":4},"end":{"line":19,"column":71}},"6":{"start":{"line":19,"column":41},"end":{"line":19,"column":69}}},"fnMap":{"0":{"name":"(anonymous_0)","decl":{"start":{"line":6,"column":2},"end":{"line":6,"column":3}},"loc":{"start":{"line":6,"column":23},"end":{"line":8,"column":3}},"line":6},"1":{"name":"(anonymous_1)","decl":{"start":{"line":10,"column":2},"end":{"line":10,"column":3}},"loc":{"start":{"line":10,"column":13},"end":{"line":12,"column":3}},"line":10},"2":{"name":"(anonymous_2)","decl":{"start":{"line":14,"column":2},"end":{"line":14,"column":3}},"loc":{"start":{"line":14,"column":13},"end":{"line":16,"column":3}},"line":14},"3":{"name":"(anonymous_3)","decl":{"start":{"line":15,"column":31},"end":{"line":15,"column":32}},"loc":{"start":{"line":15,"column":41},"end":{"line":15,"column":51}},"line":15},"4":{"name":"(anonymous_4)","decl":{"start":{"line":18,"column":2},"end":{"line":18,"column":3}},"loc":{"start":{"line":18,"column":12},"end":{"line":20,"column":3}},"line":18},"5":{"name":"(anonymous_5)","decl":{"start":{"line":19,"column":31},"end":{"line":19,"column":32}},"loc":{"start":{"line":19,"column":41},"end":{"line":19,"column":69}},"line":19}},"branchMap":{},"s":{"0":4,"1":6,"2":4,"3":4,"4":6,"5":4,"6":6},"f":{"0":6,"1":4,"2":4,"3":6,"4":4,"5":6},"b":{},"_coverageSchema":"43e27e138ebf9cfc5966b082cf9a028302ed4184","hash":"64263799fa6cc95c81f67465e2675cdeb1753611"}
,"/home/f1del/hexlet/jest/src/index.js": {"path":"/home/f1del/hexlet/jest/src/index.js","statementMap":{"0":{"start":{"line":1,"column":16},"end":{"line":1,"column":55}},"1":{"start":{"line":1,"column":23},"end":{"line":1,"column":55}},"2":{"start":{"line":3,"column":18},"end":{"line":3,"column":26}},"3":{"start":{"line":3,"column":24},"end":{"line":3,"column":26}},"4":{"start":{"line":5,"column":16},"end":{"line":5,"column":45}},"5":{"start":{"line":5,"column":27},"end":{"line":5,"column":45}}},"fnMap":{"0":{"name":"(anonymous_0)","decl":{"start":{"line":1,"column":16},"end":{"line":1,"column":17}},"loc":{"start":{"line":1,"column":23},"end":{"line":1,"column":55}},"line":1},"1":{"name":"(anonymous_1)","decl":{"start":{"line":3,"column":18},"end":{"line":3,"column":19}},"loc":{"start":{"line":3,"column":24},"end":{"line":3,"column":26}},"line":3},"2":{"name":"(anonymous_2)","decl":{"start":{"line":5,"column":16},"end":{"line":5,"column":17}},"loc":{"start":{"line":5,"column":27},"end":{"line":5,"column":45}},"line":5}},"branchMap":{},"s":{"0":1,"1":2,"2":1,"3":2,"4":1,"5":3},"f":{"0":2,"1":2,"2":3},"b":{},"_coverageSchema":"43e27e138ebf9cfc5966b082cf9a028302ed4184","hash":"6ad5624eb6784544bb282ee7c3720f4db4944a09"}
}
