TN:
SF:/home/f1del/hexlet/jest/src/cart.js
FN:6,(anonymous_0)
FN:10,(anonymous_1)
FN:14,(anonymous_2)
FN:15,(anonymous_3)
FN:18,(anonymous_4)
FN:19,(anonymous_5)
FNF:6
FNH:6
FNDA:6,(anonymous_0)
FNDA:4,(anonymous_1)
FNDA:4,(anonymous_2)
FNDA:6,(anonymous_3)
FNDA:4,(anonymous_4)
FNDA:6,(anonymous_5)
DA:4,4
DA:7,6
DA:11,4
DA:15,6
DA:19,6
LF:5
LH:5
BRF:0
BRH:0
end_of_record
TN:
SF:/home/f1del/hexlet/jest/src/index.js
FN:1,(anonymous_0)
FN:3,(anonymous_1)
FN:5,(anonymous_2)
FNF:3
FNH:3
FNDA:2,(anonymous_0)
FNDA:2,(anonymous_1)
FNDA:3,(anonymous_2)
DA:1,2
DA:3,2
DA:5,3
LF:3
LH:3
BRF:0
BRH:0
end_of_record
